<?xml version="1.0" encoding="UTF-8"?>
<testng-results ignored="0" total="2" passed="2" failed="0" skipped="0">
  <reporter-output>
  </reporter-output>
  <suite started-at="2024-08-26T21:16:41 IST" name="Default suite" finished-at="2024-08-26T21:16:50 IST" duration-ms="8636">
    <groups>
      <group name="smoke">
        <method signature="FaceBook.verify()[pri:0, instance:Selenium.FaceBook@6e0f5f7f]" name="verify" class="Selenium.FaceBook"/>
      </group> <!-- smoke -->
    </groups>
    <test started-at="2024-08-26T21:16:41 IST" name="Default test" finished-at="2024-08-26T21:16:50 IST" duration-ms="8636">
      <class name="Selenium.FaceBook">
        <test-method is-config="true" signature="browser()[pri:0, instance:Selenium.FaceBook@6e0f5f7f]" started-at="2024-08-26T21:16:41 IST" name="browser" finished-at="2024-08-26T21:16:46 IST" duration-ms="5015" status="PASS">
          <reporter-output>
          </reporter-output>
        </test-method> <!-- browser -->
        <test-method signature="verified()[pri:0, instance:Selenium.FaceBook@6e0f5f7f]" started-at="2024-08-26T21:16:46 IST" name="verified" finished-at="2024-08-26T21:16:46 IST" duration-ms="162" status="PASS">
          <reporter-output>
          </reporter-output>
        </test-method> <!-- verified -->
        <test-method is-config="true" signature="browser()[pri:0, instance:Selenium.FaceBook@6e0f5f7f]" started-at="2024-08-26T21:16:46 IST" name="browser" finished-at="2024-08-26T21:16:49 IST" duration-ms="3019" status="PASS">
          <reporter-output>
          </reporter-output>
        </test-method> <!-- browser -->
        <test-method signature="verify()[pri:0, instance:Selenium.FaceBook@6e0f5f7f]" started-at="2024-08-26T21:16:49 IST" name="verify" finished-at="2024-08-26T21:16:50 IST" duration-ms="373" status="PASS">
          <reporter-output>
          </reporter-output>
        </test-method> <!-- verify -->
      </class> <!-- Selenium.FaceBook -->
    </test> <!-- Default test -->
  </suite> <!-- Default suite -->
</testng-results>
